<?xml version="1.0" encoding="UTF-8"?>
<testng-results ignored="0" total="1" passed="1" failed="0" skipped="0">
  <reporter-output>
  </reporter-output>
  <suite started-at="2018-04-13T18:51:32Z" name="Default suite" finished-at="2018-04-13T18:51:32Z" duration-ms="95">
    <groups>
    </groups>
    <test started-at="2018-04-13T18:51:32Z" name="Default test" finished-at="2018-04-13T18:51:32Z" duration-ms="95">
      <class name="testNG.TestNGStartUp">
        <test-method signature="testNG()[pri:0, instance:testNG.TestNGStartUp@5e5d171f]" started-at="2018-04-13T18:51:32Z" name="testNG" finished-at="2018-04-13T18:51:32Z" duration-ms="35" status="PASS">
          <reporter-output>
          </reporter-output>
        </test-method> <!-- testNG -->
      </class> <!-- testNG.TestNGStartUp -->
    </test> <!-- Default test -->
  </suite> <!-- Default suite -->
</testng-results>
